<?xml version="1.0" encoding="UTF-8"?>
<!-- Generated by org.testng.reporters.JUnitReportReporter -->
<testsuite hostname="EIS0231" failures="0" tests="5" name="registiration.Facebook.seleniumTest.RegistirationFacebook" time="25.715" errors="0" timestamp="2022-02-05T23:18:34 EET" skipped="3">
  <testcase classname="registiration.Facebook.seleniumTest.RegistirationFacebook" name="case03_login_with_test_user" time="6.667"/>
  <testcase classname="registiration.Facebook.seleniumTest.RegistirationFacebook" name="case00_login" time="19.048"/>
  <testcase classname="registiration.Facebook.seleniumTest.RegistirationFacebook" name="case02_change_username_and_passw0rd">
    <skipped/>
  </testcase> <!-- case02_change_username_and_passw0rd -->
  <testcase classname="registiration.Facebook.seleniumTest.RegistirationFacebook" name="case001_normal_registiration">
    <skipped/>
  </testcase> <!-- case001_normal_registiration -->
  <testcase classname="registiration.Facebook.seleniumTest.RegistirationFacebook" name="case01_registar_user">
    <skipped/>
  </testcase> <!-- case01_registar_user -->
</testsuite> <!-- registiration.Facebook.seleniumTest.RegistirationFacebook -->
